  [1m[36m (1.3ms)[0m  [1mCREATE TABLE "schema_migrations" ("version" varchar NOT NULL) [0m
  [1m[35m (0.0ms)[0m  select sqlite_version(*)
  [1m[36m (4.7ms)[0m  [1mCREATE UNIQUE INDEX "unique_schema_migrations" ON "schema_migrations" ("version")[0m
  [1m[35mActiveRecord::SchemaMigration Load (0.1ms)[0m  SELECT "schema_migrations".* FROM "schema_migrations"
Migrating to CreateUsers (20160324182649)
  [1m[36m (0.1ms)[0m  [1mbegin transaction[0m
  [1m[35m (4.3ms)[0m  CREATE TABLE "users" ("id" INTEGER PRIMARY KEY AUTOINCREMENT NOT NULL, "name" varchar, "email" varchar, "created_at" datetime NOT NULL, "updated_at" datetime NOT NULL) 
  [1m[36mSQL (0.2ms)[0m  [1mINSERT INTO "schema_migrations" ("version") VALUES (?)[0m  [["version", "20160324182649"]]
  [1m[35m (10.6ms)[0m  commit transaction
  [1m[36mActiveRecord::SchemaMigration Load (0.1ms)[0m  [1mSELECT "schema_migrations".* FROM "schema_migrations"[0m


Started GET "/" for ::1 at 2016-03-24 13:29:27 -0500
  [1m[36mActiveRecord::SchemaMigration Load (0.1ms)[0m  [1mSELECT "schema_migrations".* FROM "schema_migrations"[0m
Processing by Rails::WelcomeController#index as HTML
  Rendered /Users/admin/.rvm/gems/ruby-2.1.5/gems/railties-4.2.2/lib/rails/templates/rails/welcome/index.html.erb (1.6ms)
Completed 200 OK in 53ms (Views: 38.3ms | ActiveRecord: 0.0ms)


Started GET "/users/new" for ::1 at 2016-03-24 14:11:49 -0500
Processing by UsersController#new as HTML
  Rendered users/_form.html.erb (75.8ms)
  Rendered users/new.html.erb within layouts/application (109.2ms)
Completed 200 OK in 1866ms (Views: 1841.0ms | ActiveRecord: 0.3ms)


Started GET "/assets/users.self-e3b0c44298fc1c149afbf4c8996fb92427ae41e4649b934ca495991b7852b855.css?body=1" for ::1 at 2016-03-24 14:11:51 -0500


Started GET "/assets/application.self-e80e8f2318043e8af94dddc2adad5a4f09739a8ebb323b3ab31cd71d45fd9113.css?body=1" for ::1 at 2016-03-24 14:11:51 -0500


Started GET "/assets/scaffolds.self-f20f3568676a862be1ab9027a2cc5a2e7a67c2c9bfe055492050541df63aa7ff.css?body=1" for ::1 at 2016-03-24 14:11:51 -0500


Started GET "/assets/jquery.self-d03a5518f45df77341bdbe6201ba3bfa547ebba8ed64f0ea56bfa5f96ea7c074.js?body=1" for ::1 at 2016-03-24 14:11:51 -0500


Started GET "/assets/users.self-877aef30ae1b040ab8a3aba4e3e309a11d7f2612f44dde450b5c157aa5f95c05.js?body=1" for ::1 at 2016-03-24 14:11:51 -0500


Started GET "/assets/application.self-3b8dabdc891efe46b9a144b400ad69e37d7e5876bdc39dee783419a69d7ca819.js?body=1" for ::1 at 2016-03-24 14:11:51 -0500


Started GET "/assets/turbolinks.self-c846e670826600e8c91b1a5ada3e6547110d996cd6ff24cde55024f7a135a1b4.js?body=1" for ::1 at 2016-03-24 14:11:51 -0500


Started GET "/assets/jquery_ujs.self-8e98a7a072a6cee1372d19fff9ff3e6aa1e39a37d89d6f06861637d061113ee7.js?body=1" for ::1 at 2016-03-24 14:11:51 -0500


Started GET "/users" for ::1 at 2016-03-24 14:12:26 -0500
Processing by UsersController#index as HTML
  [1m[35mUser Load (0.2ms)[0m  SELECT "users".* FROM "users"
  Rendered users/index.html.erb within layouts/application (1.2ms)
Completed 200 OK in 33ms (Views: 32.1ms | ActiveRecord: 0.2ms)


Started GET "/users/new" for ::1 at 2016-03-24 14:39:16 -0500
Processing by UsersController#new as HTML
  Rendered users/_form.html.erb (2.3ms)
  Rendered users/new.html.erb within layouts/application (58.5ms)
Completed 200 OK in 742ms (Views: 741.3ms | ActiveRecord: 0.0ms)


Started POST "/users" for ::1 at 2016-03-24 14:39:30 -0500
Processing by UsersController#create as HTML
  Parameters: {"utf8"=>"✓", "authenticity_token"=>"9213J1i2rJFRCtPhi6EsDAcVscQUzpT2x0gHS69so0JLDgOStxr9In3lOdPpSAcB05vQCb4he///JLUEB/quEw==", "user"=>{"name"=>"BBO", "email"=>"bbo@asbsdf.com"}, "commit"=>"Create User"}
  [1m[36m (0.1ms)[0m  [1mbegin transaction[0m
  [1m[35mSQL (76.0ms)[0m  INSERT INTO "users" ("name", "email", "created_at", "updated_at") VALUES (?, ?, ?, ?)  [["name", "BBO"], ["email", "bbo@asbsdf.com"], ["created_at", "2016-03-24 19:39:30.816729"], ["updated_at", "2016-03-24 19:39:30.816729"]]
  [1m[36m (54.0ms)[0m  [1mcommit transaction[0m
Redirected to http://localhost:3000/users/1
Completed 302 Found in 234ms (ActiveRecord: 130.1ms)


Started GET "/users/1" for ::1 at 2016-03-24 14:39:31 -0500
Processing by UsersController#show as HTML
  Parameters: {"id"=>"1"}
  [1m[35mUser Load (0.2ms)[0m  SELECT  "users".* FROM "users" WHERE "users"."id" = ? LIMIT 1  [["id", 1]]
  Rendered users/show.html.erb within layouts/application (1.0ms)
Completed 200 OK in 248ms (Views: 51.2ms | ActiveRecord: 0.2ms)


Started GET "/users" for ::1 at 2016-03-24 15:45:39 -0500
Processing by UsersController#index as HTML
  [1m[36mUser Load (0.1ms)[0m  [1mSELECT "users".* FROM "users"[0m
  Rendered users/index.html.erb within layouts/application (1.4ms)
Completed 200 OK in 232ms (Views: 231.5ms | ActiveRecord: 0.1ms)


Started GET "/users/1/edit" for ::1 at 2016-03-24 15:45:52 -0500
Processing by UsersController#edit as HTML
  Parameters: {"id"=>"1"}
  [1m[35mUser Load (0.1ms)[0m  SELECT  "users".* FROM "users" WHERE "users"."id" = ? LIMIT 1  [["id", 1]]
  Rendered users/_form.html.erb (1.3ms)
  Rendered users/edit.html.erb within layouts/application (3.1ms)
Completed 200 OK in 19ms (Views: 17.9ms | ActiveRecord: 0.1ms)


Started PATCH "/users/1" for ::1 at 2016-03-24 15:45:54 -0500
Processing by UsersController#update as HTML
  Parameters: {"utf8"=>"✓", "authenticity_token"=>"qbPCWujMlVmnp3cVhVSBs46GJRTZUnoqEFAb2BX3b28V0LbvB2DE6otInSfnvaq+WghE2XO9lSMoPKmXvWFiPg==", "user"=>{"name"=>"BBO", "email"=>"bbo@asbsdf.com"}, "commit"=>"Update User", "id"=>"1"}
  [1m[36mUser Load (0.1ms)[0m  [1mSELECT  "users".* FROM "users" WHERE "users"."id" = ? LIMIT 1[0m  [["id", 1]]
  [1m[35m (0.0ms)[0m  begin transaction
  [1m[36m (0.0ms)[0m  [1mcommit transaction[0m
Redirected to http://localhost:3000/users/1
Completed 302 Found in 2ms (ActiveRecord: 0.2ms)


Started GET "/users/1" for ::1 at 2016-03-24 15:45:54 -0500
Processing by UsersController#show as HTML
  Parameters: {"id"=>"1"}
  [1m[35mUser Load (0.1ms)[0m  SELECT  "users".* FROM "users" WHERE "users"."id" = ? LIMIT 1  [["id", 1]]
  Rendered users/show.html.erb within layouts/application (0.6ms)
Completed 200 OK in 19ms (Views: 18.4ms | ActiveRecord: 0.1ms)


Started GET "/users" for ::1 at 2016-03-24 15:45:56 -0500
Processing by UsersController#index as HTML
  [1m[36mUser Load (0.1ms)[0m  [1mSELECT "users".* FROM "users"[0m
  Rendered users/index.html.erb within layouts/application (0.8ms)
Completed 200 OK in 15ms (Views: 14.3ms | ActiveRecord: 0.1ms)


Started GET "/users/new" for ::1 at 2016-03-24 15:46:11 -0500
Processing by UsersController#new as HTML
  Rendered users/_form.html.erb (1.1ms)
  Rendered users/new.html.erb within layouts/application (2.1ms)
Completed 200 OK in 17ms (Views: 16.4ms | ActiveRecord: 0.0ms)


Started POST "/users" for ::1 at 2016-03-24 15:46:19 -0500
Processing by UsersController#create as HTML
  Parameters: {"utf8"=>"✓", "authenticity_token"=>"qb2MmwBs/oqE1VEAF/V/tEe5Sv/TWyBSm4mmOz0iRIcV3vgu78CvOag6uzJ1HFS5kzcrMnm0z1uj5RR0lbRJ1g==", "user"=>{"name"=>"AAI", "email"=>"AAI@ADKF.com"}, "commit"=>"Create User"}
  [1m[35m (0.1ms)[0m  begin transaction
  [1m[36mSQL (0.3ms)[0m  [1mINSERT INTO "users" ("name", "email", "created_at", "updated_at") VALUES (?, ?, ?, ?)[0m  [["name", "AAI"], ["email", "AAI@ADKF.com"], ["created_at", "2016-03-24 20:46:19.523649"], ["updated_at", "2016-03-24 20:46:19.523649"]]
  [1m[35m (104.1ms)[0m  commit transaction
Redirected to http://localhost:3000/users/2
Completed 302 Found in 107ms (ActiveRecord: 104.4ms)


Started GET "/users/2" for ::1 at 2016-03-24 15:46:19 -0500
Processing by UsersController#show as HTML
  Parameters: {"id"=>"2"}
  [1m[36mUser Load (0.1ms)[0m  [1mSELECT  "users".* FROM "users" WHERE "users"."id" = ? LIMIT 1[0m  [["id", 2]]
  Rendered users/show.html.erb within layouts/application (0.2ms)
Completed 200 OK in 14ms (Views: 13.7ms | ActiveRecord: 0.1ms)


Started GET "/users" for ::1 at 2016-03-24 15:46:21 -0500
Processing by UsersController#index as HTML
  [1m[35mUser Load (0.1ms)[0m  SELECT "users".* FROM "users"
  Rendered users/index.html.erb within layouts/application (1.1ms)
Completed 200 OK in 15ms (Views: 14.5ms | ActiveRecord: 0.1ms)
  [1m[36mActiveRecord::SchemaMigration Load (0.1ms)[0m  [1mSELECT "schema_migrations".* FROM "schema_migrations"[0m
Migrating to CreateMicroposts (20160324213056)
  [1m[35m (0.1ms)[0m  begin transaction
  [1m[36m (0.4ms)[0m  [1mCREATE TABLE "microposts" ("id" INTEGER PRIMARY KEY AUTOINCREMENT NOT NULL, "content" text, "user_id" integer, "created_at" datetime NOT NULL, "updated_at" datetime NOT NULL) [0m
  [1m[35mSQL (0.1ms)[0m  INSERT INTO "schema_migrations" ("version") VALUES (?)  [["version", "20160324213056"]]
  [1m[36m (1.1ms)[0m  [1mcommit transaction[0m
  [1m[35mActiveRecord::SchemaMigration Load (0.1ms)[0m  SELECT "schema_migrations".* FROM "schema_migrations"


Started GET "/microposts/new" for ::1 at 2016-03-24 16:35:01 -0500
  [1m[36mActiveRecord::SchemaMigration Load (0.1ms)[0m  [1mSELECT "schema_migrations".* FROM "schema_migrations"[0m
Processing by MicropostsController#new as HTML
  Rendered microposts/_form.html.erb (50.0ms)
  Rendered microposts/new.html.erb within layouts/application (51.3ms)
Completed 200 OK in 313ms (Views: 308.6ms | ActiveRecord: 0.3ms)


Started GET "/assets/microposts.self-e3b0c44298fc1c149afbf4c8996fb92427ae41e4649b934ca495991b7852b855.css?body=1" for ::1 at 2016-03-24 16:35:01 -0500


Started GET "/assets/microposts.self-877aef30ae1b040ab8a3aba4e3e309a11d7f2612f44dde450b5c157aa5f95c05.js?body=1" for ::1 at 2016-03-24 16:35:01 -0500


Started POST "/microposts" for ::1 at 2016-03-24 16:35:33 -0500
Processing by MicropostsController#create as HTML
  Parameters: {"utf8"=>"✓", "authenticity_token"=>"V6/km+hPabDb9y6KuvbbHkpevZEyCFOS8SqS09dSqQnrzJAuB+M4A/cYxLjYH/ATntDcXJjnvJvJRiCcf8SkWA==", "micropost"=>{"content"=>"GIANT TEST", "user_id"=>"1"}, "commit"=>"Create Micropost"}
  [1m[35m (0.1ms)[0m  begin transaction
  [1m[36mSQL (0.3ms)[0m  [1mINSERT INTO "microposts" ("content", "user_id", "created_at", "updated_at") VALUES (?, ?, ?, ?)[0m  [["content", "GIANT TEST"], ["user_id", 1], ["created_at", "2016-03-24 21:35:33.966486"], ["updated_at", "2016-03-24 21:35:33.966486"]]
  [1m[35m (1.1ms)[0m  commit transaction
Redirected to http://localhost:3000/microposts/1
Completed 302 Found in 4ms (ActiveRecord: 1.4ms)


Started GET "/microposts/1" for ::1 at 2016-03-24 16:35:33 -0500
Processing by MicropostsController#show as HTML
  Parameters: {"id"=>"1"}
  [1m[36mMicropost Load (0.1ms)[0m  [1mSELECT  "microposts".* FROM "microposts" WHERE "microposts"."id" = ? LIMIT 1[0m  [["id", 1]]
  Rendered microposts/show.html.erb within layouts/application (0.7ms)
Completed 200 OK in 17ms (Views: 15.9ms | ActiveRecord: 0.1ms)


Started GET "/microposts" for ::1 at 2016-03-24 16:35:36 -0500
Processing by MicropostsController#index as HTML
  [1m[35mMicropost Load (0.1ms)[0m  SELECT "microposts".* FROM "microposts"
  Rendered microposts/index.html.erb within layouts/application (1.4ms)
Completed 200 OK in 17ms (Views: 16.5ms | ActiveRecord: 0.1ms)


Started GET "/microposts/new" for ::1 at 2016-03-24 16:39:54 -0500
Processing by MicropostsController#new as HTML
  Rendered microposts/_form.html.erb (1.9ms)
  Rendered microposts/new.html.erb within layouts/application (3.3ms)
Completed 200 OK in 24ms (Views: 19.3ms | ActiveRecord: 0.5ms)


Started POST "/microposts" for ::1 at 2016-03-24 16:40:26 -0500
Processing by MicropostsController#create as HTML
  Parameters: {"utf8"=>"✓", "authenticity_token"=>"MFXjyd+G/3PdOMhOiHhB65HWQ1yqIC66qscoLeea0RiMNpd8MCquwPHXInzqkWrmRVgikQDPwbOSq5piTwzcSQ==", "micropost"=>{"content"=>"asasdfasdfasdfasdf asd asdf asdf asdf asdf asdf asdf asdf asdf asdf asdf asdf asdf asdf asdf ", "user_id"=>"2"}, "commit"=>"Create Micropost"}
  [1m[36m (0.1ms)[0m  [1mbegin transaction[0m
  [1m[35mSQL (0.3ms)[0m  INSERT INTO "microposts" ("content", "user_id", "created_at", "updated_at") VALUES (?, ?, ?, ?)  [["content", "asasdfasdfasdfasdf asd asdf asdf asdf asdf asdf asdf asdf asdf asdf asdf asdf asdf asdf asdf "], ["user_id", 2], ["created_at", "2016-03-24 21:40:26.312030"], ["updated_at", "2016-03-24 21:40:26.312030"]]
  [1m[36m (1.0ms)[0m  [1mcommit transaction[0m
Redirected to http://localhost:3000/microposts/2
Completed 302 Found in 4ms (ActiveRecord: 1.4ms)


Started GET "/microposts/2" for ::1 at 2016-03-24 16:40:26 -0500
Processing by MicropostsController#show as HTML
  Parameters: {"id"=>"2"}
  [1m[35mMicropost Load (0.2ms)[0m  SELECT  "microposts".* FROM "microposts" WHERE "microposts"."id" = ? LIMIT 1  [["id", 2]]
  Rendered microposts/show.html.erb within layouts/application (0.3ms)
Completed 200 OK in 16ms (Views: 14.7ms | ActiveRecord: 0.2ms)


Started GET "/microposts/2/edit" for ::1 at 2016-03-24 16:40:29 -0500
Processing by MicropostsController#edit as HTML
  Parameters: {"id"=>"2"}
  [1m[36mMicropost Load (0.1ms)[0m  [1mSELECT  "microposts".* FROM "microposts" WHERE "microposts"."id" = ? LIMIT 1[0m  [["id", 2]]
  Rendered microposts/_form.html.erb (1.2ms)
  Rendered microposts/edit.html.erb within layouts/application (2.5ms)
Completed 200 OK in 18ms (Views: 17.2ms | ActiveRecord: 0.1ms)


Started PATCH "/microposts/2" for ::1 at 2016-03-24 16:40:42 -0500
Processing by MicropostsController#update as HTML
  Parameters: {"utf8"=>"✓", "authenticity_token"=>"lpUu8GCssrFngW3d3LlU1G+OvNA55ATcMX1rgCf8m0cq9lpFjwDjAktuh+++UH/ZuwDdHZML69UJEdnPj2qWFg==", "micropost"=>{"content"=>"asasdfasdfasdfasdf asd asdf asdf asdf asdf asdfasdfasdfasdf asdf asdf asdfasd asdf asd fasf as fasdf asdf asdf asdf asdf asdf as sd adfasdf asdf asdf asdf asdf asdf asdf asdf asdf asdf asdf asdf asdf asdf ", "user_id"=>"2"}, "commit"=>"Update Micropost", "id"=>"2"}
  [1m[35mMicropost Load (0.1ms)[0m  SELECT  "microposts".* FROM "microposts" WHERE "microposts"."id" = ? LIMIT 1  [["id", 2]]
  [1m[36m (0.0ms)[0m  [1mbegin transaction[0m
  [1m[35m (0.0ms)[0m  rollback transaction
  Rendered microposts/_form.html.erb (1.7ms)
  Rendered microposts/edit.html.erb within layouts/application (2.9ms)
Completed 200 OK in 20ms (Views: 17.6ms | ActiveRecord: 0.2ms)


Started PATCH "/microposts/2" for ::1 at 2016-03-24 16:43:05 -0500
Processing by MicropostsController#update as HTML
  Parameters: {"utf8"=>"✓", "authenticity_token"=>"AZljg7M3F4wGq+/bpNkSD1YN70ipNoiPQhV8Y0F6ng29+hc2XJtGPypEBenGMDkCgoOOhQPZZ4Z6ec4s6eyTXA==", "micropost"=>{"content"=>"asasdfasdfasdfasdf asd asdf asdf asdf asdf asdfasdfasdfasdf asdf asdf asdfasd asdf asd fasf as fasdf asdf asdf asdf asdf asdf as sd adfasdf asdf asdf asdf asdf asdf asdf asdf asdf asdf asdf asdf asdf asdf ", "user_id"=>"2"}, "commit"=>"Update Micropost", "id"=>"2"}
  [1m[36mMicropost Load (0.1ms)[0m  [1mSELECT  "microposts".* FROM "microposts" WHERE "microposts"."id" = ? LIMIT 1[0m  [["id", 2]]
  [1m[35m (0.0ms)[0m  begin transaction
  [1m[36m (0.0ms)[0m  [1mrollback transaction[0m
  Rendered microposts/_form.html.erb (1.5ms)
  Rendered microposts/edit.html.erb within layouts/application (2.4ms)
Completed 200 OK in 44ms (Views: 17.4ms | ActiveRecord: 0.6ms)
  [1m[36mUser Load (0.2ms)[0m  [1mSELECT  "users".* FROM "users"  ORDER BY "users"."id" ASC LIMIT 1[0m
  [1m[35mMicropost Load (0.2ms)[0m  SELECT "microposts".* FROM "microposts" WHERE "microposts"."user_id" = ?  [["user_id", 1]]


Started GET "/microposts" for ::1 at 2016-03-24 16:56:47 -0500
Processing by MicropostsController#index as HTML
  [1m[35mMicropost Load (0.1ms)[0m  SELECT "microposts".* FROM "microposts"
  Rendered microposts/index.html.erb within layouts/application (1.5ms)
Completed 200 OK in 24ms (Views: 23.0ms | ActiveRecord: 0.1ms)


Started GET "/microposts" for ::1 at 2016-03-24 16:56:48 -0500
Processing by MicropostsController#index as HTML
  [1m[36mMicropost Load (0.1ms)[0m  [1mSELECT "microposts".* FROM "microposts"[0m
  Rendered microposts/index.html.erb within layouts/application (1.0ms)
Completed 200 OK in 16ms (Views: 15.4ms | ActiveRecord: 0.1ms)


Started GET "/assets/microposts.self-e3b0c44298fc1c149afbf4c8996fb92427ae41e4649b934ca495991b7852b855.css?body=1" for ::1 at 2016-03-24 16:56:48 -0500


Started GET "/assets/scaffolds.self-f20f3568676a862be1ab9027a2cc5a2e7a67c2c9bfe055492050541df63aa7ff.css?body=1" for ::1 at 2016-03-24 16:56:48 -0500


Started GET "/assets/users.self-e3b0c44298fc1c149afbf4c8996fb92427ae41e4649b934ca495991b7852b855.css?body=1" for ::1 at 2016-03-24 16:56:48 -0500


Started GET "/assets/application.self-e80e8f2318043e8af94dddc2adad5a4f09739a8ebb323b3ab31cd71d45fd9113.css?body=1" for ::1 at 2016-03-24 16:56:48 -0500


Started GET "/assets/jquery.self-d03a5518f45df77341bdbe6201ba3bfa547ebba8ed64f0ea56bfa5f96ea7c074.js?body=1" for ::1 at 2016-03-24 16:56:48 -0500


Started GET "/assets/turbolinks.self-c846e670826600e8c91b1a5ada3e6547110d996cd6ff24cde55024f7a135a1b4.js?body=1" for ::1 at 2016-03-24 16:56:48 -0500


Started GET "/assets/jquery_ujs.self-8e98a7a072a6cee1372d19fff9ff3e6aa1e39a37d89d6f06861637d061113ee7.js?body=1" for ::1 at 2016-03-24 16:56:48 -0500


Started GET "/assets/microposts.self-877aef30ae1b040ab8a3aba4e3e309a11d7f2612f44dde450b5c157aa5f95c05.js?body=1" for ::1 at 2016-03-24 16:56:48 -0500


Started GET "/assets/users.self-877aef30ae1b040ab8a3aba4e3e309a11d7f2612f44dde450b5c157aa5f95c05.js?body=1" for ::1 at 2016-03-24 16:56:48 -0500


Started GET "/assets/application.self-3b8dabdc891efe46b9a144b400ad69e37d7e5876bdc39dee783419a69d7ca819.js?body=1" for ::1 at 2016-03-24 16:56:48 -0500
